{"/home/krasen/Dokument/DIT355/group-2/client/src/main.js": {"path":"/home/krasen/Dokument/DIT355/group-2/client/src/main.js","statementMap":{"0":{"start":{"line":13,"column":0},"end":{"line":13,"column":21}},"1":{"start":{"line":14,"column":0},"end":{"line":14,"column":13}},"2":{"start":{"line":16,"column":24},"end":{"line":16,"column":45}},"3":{"start":{"line":17,"column":0},"end":{"line":17,"column":38}},"4":{"start":{"line":19,"column":0},"end":{"line":19,"column":32}},"5":{"start":{"line":21,"column":0},"end":{"line":21,"column":55}},"6":{"start":{"line":22,"column":0},"end":{"line":22,"column":55}},"7":{"start":{"line":25,"column":0},"end":{"line":29,"column":17}},"8":{"start":{"line":28,"column":15},"end":{"line":28,"column":21}}},"fnMap":{"0":{"name":"(anonymous_0)","decl":{"start":{"line":28,"column":10},"end":{"line":28,"column":11}},"loc":{"start":{"line":28,"column":15},"end":{"line":28,"column":21}},"line":28}},"branchMap":{},"s":{"0":0,"1":0,"2":0,"3":0,"4":0,"5":0,"6":0,"7":0,"8":0},"f":{"0":0},"b":{},"hash":"cbc68f7d5a81c5bb78e8671f803d9398ee27985c"}
,"/home/krasen/Dokument/DIT355/group-2/client/src/router.js": {"path":"/home/krasen/Dokument/DIT355/group-2/client/src/router.js","statementMap":{"0":{"start":{"line":5,"column":0},"end":{"line":5,"column":15}},"1":{"start":{"line":7,"column":15},"end":{"line":14,"column":2}}},"fnMap":{},"branchMap":{},"s":{"0":0,"1":0},"f":{},"b":{},"hash":"705abc63f294eee0612485698c7d0e05a9d7ddd2"}
,"/home/krasen/Dokument/DIT355/group-2/client/src/components/BookingModal.vue": {"path":"/home/krasen/Dokument/DIT355/group-2/client/src/components/BookingModal.vue","statementMap":{"0":{"start":{"line":54,"column":0},"end":{"line":54,"column":null}},"1":{"start":{"line":64,"column":0},"end":{"line":64,"column":null}},"2":{"start":{"line":69,"column":0},"end":{"line":69,"column":null}},"3":{"start":{"line":70,"column":0},"end":{"line":70,"column":null}},"4":{"start":{"line":73,"column":0},"end":{"line":73,"column":null}}},"fnMap":{"0":{"name":"(anonymous_1)","decl":{"start":{"line":53,"column":0},"end":{"line":53,"column":null}},"loc":{"start":{"line":53,"column":0},"end":{"line":61,"column":null}}},"1":{"name":"(anonymous_2)","decl":{"start":{"line":63,"column":0},"end":{"line":63,"column":null}},"loc":{"start":{"line":63,"column":0},"end":{"line":65,"column":null}}},"2":{"name":"(anonymous_3)","decl":{"start":{"line":68,"column":0},"end":{"line":68,"column":null}},"loc":{"start":{"line":68,"column":0},"end":{"line":71,"column":null}}},"3":{"name":"(anonymous_4)","decl":{"start":{"line":72,"column":0},"end":{"line":72,"column":null}},"loc":{"start":{"line":72,"column":0},"end":{"line":74,"column":null}}}},"branchMap":{},"s":{"0":1,"1":0,"2":0,"3":0,"4":0},"f":{"0":1,"1":0,"2":0,"3":0},"b":{}}
,"/home/krasen/Dokument/DIT355/group-2/client/src/components/ConfirmationModal.vue": {"path":"/home/krasen/Dokument/DIT355/group-2/client/src/components/ConfirmationModal.vue","statementMap":{"0":{"start":{"line":18,"column":0},"end":{"line":18,"column":null}}},"fnMap":{"0":{"name":"(anonymous_1)","decl":{"start":{"line":17,"column":0},"end":{"line":17,"column":null}},"loc":{"start":{"line":17,"column":0},"end":{"line":21,"column":null}}}},"branchMap":{},"s":{"0":1},"f":{"0":1},"b":{}}
,"/home/krasen/Dokument/DIT355/group-2/client/src/components/Map.vue": {"path":"/home/krasen/Dokument/DIT355/group-2/client/src/components/Map.vue","statementMap":{"0":{"start":{"line":7,"column":0},"end":{"line":7,"column":null}},"1":{"start":{"line":8,"column":0},"end":{"line":8,"column":null}},"2":{"start":{"line":13,"column":0},"end":{"line":13,"column":null}},"3":{"start":{"line":20,"column":0},"end":{"line":20,"column":null}},"4":{"start":{"line":27,"column":0},"end":{"line":27,"column":null}},"5":{"start":{"line":32,"column":0},"end":{"line":32,"column":null}},"6":{"start":{"line":35,"column":0},"end":{"line":35,"column":null}},"7":{"start":{"line":36,"column":0},"end":{"line":36,"column":null}},"8":{"start":{"line":45,"column":0},"end":{"line":45,"column":null}},"9":{"start":{"line":47,"column":0},"end":{"line":47,"column":null}},"10":{"start":{"line":56,"column":0},"end":{"line":56,"column":null}},"11":{"start":{"line":59,"column":0},"end":{"line":59,"column":null}},"12":{"start":{"line":60,"column":0},"end":{"line":60,"column":null}},"13":{"start":{"line":61,"column":0},"end":{"line":71,"column":null}},"14":{"start":{"line":61,"column":0},"end":{"line":61,"column":null}},"15":{"start":{"line":62,"column":0},"end":{"line":62,"column":null}},"16":{"start":{"line":63,"column":0},"end":{"line":63,"column":null}},"17":{"start":{"line":64,"column":0},"end":{"line":69,"column":null}},"18":{"start":{"line":65,"column":0},"end":{"line":65,"column":null}},"19":{"start":{"line":66,"column":0},"end":{"line":66,"column":null}},"20":{"start":{"line":67,"column":0},"end":{"line":67,"column":null}},"21":{"start":{"line":68,"column":0},"end":{"line":68,"column":null}}},"fnMap":{"0":{"name":"(anonymous_1)","decl":{"start":{"line":12,"column":0},"end":{"line":12,"column":null}},"loc":{"start":{"line":12,"column":0},"end":{"line":17,"column":null}}},"1":{"name":"(anonymous_2)","decl":{"start":{"line":19,"column":0},"end":{"line":19,"column":null}},"loc":{"start":{"line":19,"column":0},"end":{"line":21,"column":null}}},"2":{"name":"(anonymous_3)","decl":{"start":{"line":26,"column":0},"end":{"line":26,"column":null}},"loc":{"start":{"line":26,"column":0},"end":{"line":28,"column":null}}},"3":{"name":"(anonymous_4)","decl":{"start":{"line":31,"column":0},"end":{"line":31,"column":null}},"loc":{"start":{"line":31,"column":0},"end":{"line":42,"column":null}}},"4":{"name":"(anonymous_5)","decl":{"start":{"line":44,"column":0},"end":{"line":44,"column":null}},"loc":{"start":{"line":44,"column":0},"end":{"line":57,"column":null}}},"5":{"name":"(anonymous_6)","decl":{"start":{"line":58,"column":0},"end":{"line":58,"column":null}},"loc":{"start":{"line":58,"column":0},"end":{"line":72,"column":null}}},"6":{"name":"(anonymous_7)","decl":{"start":{"line":64,"column":0},"end":{"line":64,"column":null}},"loc":{"start":{"line":64,"column":0},"end":{"line":69,"column":null}}}},"branchMap":{},"s":{"0":1,"1":1,"2":0,"3":0,"4":0,"5":0,"6":0,"7":0,"8":0,"9":0,"10":0,"11":0,"12":0,"13":0,"14":0,"15":0,"16":0,"17":0,"18":0,"19":0,"20":0,"21":0},"f":{"0":0,"1":0,"2":0,"3":0,"4":0,"5":0,"6":0},"b":{}}
,"/home/krasen/Dokument/DIT355/group-2/client/src/components/MapSidebar.vue": {"path":"/home/krasen/Dokument/DIT355/group-2/client/src/components/MapSidebar.vue","statementMap":{"0":{"start":{"line":27,"column":0},"end":{"line":27,"column":null}},"1":{"start":{"line":28,"column":0},"end":{"line":28,"column":null}},"2":{"start":{"line":37,"column":0},"end":{"line":37,"column":null}},"3":{"start":{"line":48,"column":0},"end":{"line":48,"column":null}},"4":{"start":{"line":51,"column":0},"end":{"line":51,"column":null}},"5":{"start":{"line":56,"column":0},"end":{"line":56,"column":null}},"6":{"start":{"line":59,"column":0},"end":{"line":59,"column":null}},"7":{"start":{"line":62,"column":0},"end":{"line":62,"column":null}}},"fnMap":{"0":{"name":"(anonymous_1)","decl":{"start":{"line":36,"column":0},"end":{"line":36,"column":null}},"loc":{"start":{"line":36,"column":0},"end":{"line":45,"column":null}}},"1":{"name":"(anonymous_2)","decl":{"start":{"line":47,"column":0},"end":{"line":47,"column":null}},"loc":{"start":{"line":47,"column":0},"end":{"line":49,"column":null}}},"2":{"name":"(anonymous_3)","decl":{"start":{"line":50,"column":0},"end":{"line":50,"column":null}},"loc":{"start":{"line":50,"column":0},"end":{"line":52,"column":null}}},"3":{"name":"(anonymous_4)","decl":{"start":{"line":55,"column":0},"end":{"line":55,"column":null}},"loc":{"start":{"line":55,"column":0},"end":{"line":57,"column":null}}},"4":{"name":"(anonymous_5)","decl":{"start":{"line":58,"column":0},"end":{"line":58,"column":null}},"loc":{"start":{"line":58,"column":0},"end":{"line":60,"column":null}}},"5":{"name":"(anonymous_6)","decl":{"start":{"line":61,"column":0},"end":{"line":61,"column":null}},"loc":{"start":{"line":61,"column":0},"end":{"line":63,"column":null}}}},"branchMap":{"0":{"loc":{"start":{"line":51,"column":0},"end":{"line":51,"column":null}},"type":"cond-expr","locations":[{"start":{"line":51,"column":0},"end":{"line":51,"column":null}},{"start":{"line":51,"column":0},"end":{"line":51,"column":null}}]}},"s":{"0":2,"1":2,"2":1,"3":0,"4":0,"5":0,"6":0,"7":0},"f":{"0":1,"1":0,"2":0,"3":0,"4":0,"5":0},"b":{"0":[0,0]}}
,"/home/krasen/Dokument/DIT355/group-2/client/src/components/OpeningHours.vue": {"path":"/home/krasen/Dokument/DIT355/group-2/client/src/components/OpeningHours.vue","statementMap":{"0":{"start":{"line":18,"column":0},"end":{"line":18,"column":null}}},"fnMap":{"0":{"name":"(anonymous_1)","decl":{"start":{"line":17,"column":0},"end":{"line":17,"column":null}},"loc":{"start":{"line":17,"column":0},"end":{"line":19,"column":null}}}},"branchMap":{},"s":{"0":4},"f":{"0":4},"b":{}}
,"/home/krasen/Dokument/DIT355/group-2/client/src/config/mqttVariables.js": {"path":"/home/krasen/Dokument/DIT355/group-2/client/src/config/mqttVariables.js","statementMap":{"0":{"start":{"line":1,"column":29},"end":{"line":4,"column":1}}},"fnMap":{},"branchMap":{},"s":{"0":0},"f":{},"b":{},"hash":"ad299d02d4b1763db5d01e521424c3d761e3c716"}
,"/home/krasen/Dokument/DIT355/group-2/client/src/services/brokerConnector.js": {"path":"/home/krasen/Dokument/DIT355/group-2/client/src/services/brokerConnector.js","statementMap":{"0":{"start":{"line":9,"column":27},"end":{"line":9,"column":43}},"1":{"start":{"line":10,"column":31},"end":{"line":10,"column":51}},"2":{"start":{"line":11,"column":8},"end":{"line":11,"column":37}},"3":{"start":{"line":12,"column":8},"end":{"line":12,"column":65}},"4":{"start":{"line":13,"column":8},"end":{"line":13,"column":42}}},"fnMap":{"0":{"name":"(anonymous_0)","decl":{"start":{"line":6,"column":4},"end":{"line":6,"column":5}},"loc":{"start":{"line":6,"column":18},"end":{"line":7,"column":5}},"line":6},"1":{"name":"(anonymous_1)","decl":{"start":{"line":8,"column":4},"end":{"line":8,"column":5}},"loc":{"start":{"line":8,"column":26},"end":{"line":14,"column":5}},"line":8}},"branchMap":{},"s":{"0":0,"1":0,"2":0,"3":0,"4":0},"f":{"0":0,"1":0},"b":{},"hash":"4a7d91ae3ca3ad512df6d9bc0c31a6bd266531d0"}
,"/home/krasen/Dokument/DIT355/group-2/client/src/services/brokerListener.js": {"path":"/home/krasen/Dokument/DIT355/group-2/client/src/services/brokerListener.js","statementMap":{"0":{"start":{"line":9,"column":8},"end":{"line":14,"column":10}},"1":{"start":{"line":10,"column":12},"end":{"line":13,"column":13}},"2":{"start":{"line":11,"column":42},"end":{"line":11,"column":65}},"3":{"start":{"line":12,"column":16},"end":{"line":12,"column":58}}},"fnMap":{"0":{"name":"(anonymous_0)","decl":{"start":{"line":6,"column":4},"end":{"line":6,"column":5}},"loc":{"start":{"line":6,"column":18},"end":{"line":7,"column":5}},"line":6},"1":{"name":"(anonymous_1)","decl":{"start":{"line":8,"column":4},"end":{"line":8,"column":5}},"loc":{"start":{"line":8,"column":23},"end":{"line":15,"column":5}},"line":8},"2":{"name":"(anonymous_2)","decl":{"start":{"line":9,"column":27},"end":{"line":9,"column":28}},"loc":{"start":{"line":9,"column":53},"end":{"line":14,"column":9}},"line":9}},"branchMap":{"0":{"loc":{"start":{"line":10,"column":12},"end":{"line":13,"column":13}},"type":"if","locations":[{"start":{"line":10,"column":12},"end":{"line":13,"column":13}},{"start":{"line":10,"column":12},"end":{"line":13,"column":13}}],"line":10}},"s":{"0":0,"1":0,"2":0,"3":0},"f":{"0":0,"1":0,"2":0},"b":{"0":[0,0]},"hash":"d71818990d6439900e35796134f6d15f420beebf"}
,"/home/krasen/Dokument/DIT355/group-2/client/src/services/dentistController.js": {"path":"/home/krasen/Dokument/DIT355/group-2/client/src/services/dentistController.js","statementMap":{"0":{"start":{"line":8,"column":23},"end":{"line":8,"column":48}},"1":{"start":{"line":9,"column":8},"end":{"line":9,"column":66}}},"fnMap":{"0":{"name":"(anonymous_0)","decl":{"start":{"line":5,"column":4},"end":{"line":5,"column":5}},"loc":{"start":{"line":5,"column":18},"end":{"line":6,"column":5}},"line":5},"1":{"name":"(anonymous_1)","decl":{"start":{"line":7,"column":4},"end":{"line":7,"column":5}},"loc":{"start":{"line":7,"column":28},"end":{"line":11,"column":5}},"line":7}},"branchMap":{},"s":{"0":0,"1":0},"f":{"0":0,"1":0},"b":{},"hash":"89ea7683e0f789c0819ab3b01233ecb3bc5ee083"}
,"/home/krasen/Dokument/DIT355/group-2/client/src/services/mqtt.js": {"path":"/home/krasen/Dokument/DIT355/group-2/client/src/services/mqtt.js","statementMap":{"0":{"start":{"line":1,"column":13},"end":{"line":1,"column":28}},"1":{"start":{"line":5,"column":20},"end":{"line":5,"column":51}}},"fnMap":{},"branchMap":{},"s":{"0":0,"1":0},"f":{},"b":{},"hash":"a143525efc6d1b014a833b2b3c76cfdb8e58140f"}
,"/home/krasen/Dokument/DIT355/group-2/client/src/services/subsriber.js": {"path":"/home/krasen/Dokument/DIT355/group-2/client/src/services/subsriber.js","statementMap":{"0":{"start":{"line":7,"column":8},"end":{"line":9,"column":10}},"1":{"start":{"line":8,"column":12},"end":{"line":8,"column":47}},"2":{"start":{"line":13,"column":8},"end":{"line":15,"column":10}},"3":{"start":{"line":14,"column":12},"end":{"line":14,"column":46}}},"fnMap":{"0":{"name":"(anonymous_0)","decl":{"start":{"line":4,"column":4},"end":{"line":4,"column":5}},"loc":{"start":{"line":4,"column":18},"end":{"line":5,"column":5}},"line":4},"1":{"name":"(anonymous_1)","decl":{"start":{"line":6,"column":4},"end":{"line":6,"column":5}},"loc":{"start":{"line":6,"column":22},"end":{"line":10,"column":5}},"line":6},"2":{"name":"(anonymous_2)","decl":{"start":{"line":7,"column":27},"end":{"line":7,"column":28}},"loc":{"start":{"line":7,"column":39},"end":{"line":9,"column":9}},"line":7},"3":{"name":"(anonymous_3)","decl":{"start":{"line":12,"column":4},"end":{"line":12,"column":5}},"loc":{"start":{"line":12,"column":28},"end":{"line":16,"column":5}},"line":12},"4":{"name":"(anonymous_4)","decl":{"start":{"line":13,"column":30},"end":{"line":13,"column":31}},"loc":{"start":{"line":13,"column":42},"end":{"line":15,"column":9}},"line":13}},"branchMap":{},"s":{"0":0,"1":0,"2":0,"3":0},"f":{"0":0,"1":0,"2":0,"3":0,"4":0},"b":{},"hash":"cd4cc76d6793318b054551b296869b3b72ad18c0"}
,"/home/krasen/Dokument/DIT355/group-2/client/src/store/dentist.module.js": {"path":"/home/krasen/Dokument/DIT355/group-2/client/src/store/dentist.module.js","statementMap":{"0":{"start":{"line":1,"column":24},"end":{"line":16,"column":1}},"1":{"start":{"line":2,"column":19},"end":{"line":4,"column":5}},"2":{"start":{"line":8,"column":12},"end":{"line":8,"column":44}},"3":{"start":{"line":13,"column":12},"end":{"line":13,"column":46}}},"fnMap":{"0":{"name":"(anonymous_0)","decl":{"start":{"line":2,"column":12},"end":{"line":2,"column":13}},"loc":{"start":{"line":2,"column":19},"end":{"line":4,"column":5}},"line":2},"1":{"name":"(anonymous_1)","decl":{"start":{"line":7,"column":8},"end":{"line":7,"column":9}},"loc":{"start":{"line":7,"column":39},"end":{"line":9,"column":9}},"line":7},"2":{"name":"(anonymous_2)","decl":{"start":{"line":12,"column":8},"end":{"line":12,"column":9}},"loc":{"start":{"line":12,"column":37},"end":{"line":14,"column":9}},"line":12}},"branchMap":{},"s":{"0":0,"1":0,"2":0,"3":0},"f":{"0":0,"1":0,"2":0},"b":{},"hash":"1441136c53aaee6619cf6e46893ab5bfb714f8c9"}
,"/home/krasen/Dokument/DIT355/group-2/client/src/store/index.js": {"path":"/home/krasen/Dokument/DIT355/group-2/client/src/store/index.js","statementMap":{"0":{"start":{"line":7,"column":0},"end":{"line":7,"column":13}}},"fnMap":{},"branchMap":{},"s":{"0":0},"f":{},"b":{},"hash":"fb980f0d84bc9c55a439695f37f5792bddb225af"}
,"/home/krasen/Dokument/DIT355/group-2/client/src/store/selected.module.js": {"path":"/home/krasen/Dokument/DIT355/group-2/client/src/store/selected.module.js","statementMap":{"0":{"start":{"line":1,"column":24},"end":{"line":16,"column":1}},"1":{"start":{"line":2,"column":19},"end":{"line":4,"column":5}},"2":{"start":{"line":8,"column":12},"end":{"line":8,"column":46}},"3":{"start":{"line":13,"column":12},"end":{"line":13,"column":37}}},"fnMap":{"0":{"name":"(anonymous_0)","decl":{"start":{"line":2,"column":12},"end":{"line":2,"column":13}},"loc":{"start":{"line":2,"column":19},"end":{"line":4,"column":5}},"line":2},"1":{"name":"(anonymous_1)","decl":{"start":{"line":7,"column":8},"end":{"line":7,"column":9}},"loc":{"start":{"line":7,"column":41},"end":{"line":9,"column":9}},"line":7},"2":{"name":"(anonymous_2)","decl":{"start":{"line":12,"column":8},"end":{"line":12,"column":9}},"loc":{"start":{"line":12,"column":39},"end":{"line":14,"column":9}},"line":12}},"branchMap":{},"s":{"0":0,"1":0,"2":0,"3":0},"f":{"0":0,"1":0,"2":0},"b":{},"hash":"864413dcbbb96b3441c98adf4c22a244caecb63c"}
,"/home/krasen/Dokument/DIT355/group-2/client/src/views/Home.vue": {"path":"/home/krasen/Dokument/DIT355/group-2/client/src/views/Home.vue","statementMap":{"0":{"start":{"line":10,"column":0},"end":{"line":10,"column":null}},"1":{"start":{"line":11,"column":0},"end":{"line":11,"column":null}},"2":{"start":{"line":12,"column":0},"end":{"line":12,"column":null}},"3":{"start":{"line":23,"column":0},"end":{"line":23,"column":null}}},"fnMap":{"0":{"name":"(anonymous_1)","decl":{"start":{"line":22,"column":0},"end":{"line":22,"column":null}},"loc":{"start":{"line":22,"column":0},"end":{"line":24,"column":null}}}},"branchMap":{},"s":{"0":1,"1":1,"2":1,"3":0},"f":{"0":0},"b":{}}
}
